# JRE version: OpenJDK Runtime Environment Zulu13.52+15-CA (13.0.13+5) (build 13.0.13+5-MTS)
# Java VM: OpenJDK 64-Bit Server VM Zulu13.52+15-CA (13.0.13+5-MTS, mixed mode, sharing, tiered, compressed oops, g1 gc, windows-amd64)
Heap:
 garbage-first heap   total 262144K, used 52167K [0x00000000e0000000, 0x0000000100000000)
  region size 1024K, 37 young (37888K), 9 survivors (9216K)
 Metaspace       used 34424K, capacity 35277K, committed 35456K, reserved 284672K
  class space    used 4427K, capacity 4708K, committed 4736K, reserved 253952K
GC Heap History (14 events):
Event: 0.529 GC heap before
{Heap before GC invocations=0 (full 0):
 garbage-first heap   total 262144K, used 20480K [0x00000000e0000000, 0x0000000100000000)
  region size 1024K, 14 young (14336K), 0 survivors (0K)
 Metaspace       used 1906K, capacity 5345K, committed 5504K, reserved 262144K
  class space    used 208K, capacity 546K, committed 640K, reserved 253952K
}
Event: 0.534 GC heap after
{Heap after GC invocations=1 (full 0):
 garbage-first heap   total 262144K, used 7963K [0x00000000e0000000, 0x0000000100000000)
  region size 1024K, 2 young (2048K), 2 survivors (2048K)
 Metaspace       used 1906K, capacity 5345K, committed 5504K, reserved 262144K
  class space    used 208K, capacity 546K, committed 640K, reserved 253952K
}
Event: 0.878 GC heap before
{Heap before GC invocations=1 (full 0):
 garbage-first heap   total 262144K, used 18203K [0x00000000e0000000, 0x0000000100000000)
  region size 1024K, 12 young (12288K), 2 survivors (2048K)
 Metaspace       used 3901K, capacity 6586K, committed 6784K, reserved 262144K
  class space    used 507K, capacity 770K, committed 896K, reserved 253952K
}
Event: 0.881 GC heap after
{Heap after GC invocations=2 (full 0):
 garbage-first heap   total 262144K, used 8720K [0x00000000e0000000, 0x0000000100000000)
  region size 1024K, 1 young (1024K), 1 survivors (1024K)
 Metaspace       used 3901K, capacity 6586K, committed 6784K, reserved 262144K
  class space    used 507K, capacity 770K, committed 896K, reserved 253952K
}
Event: 1.251 GC heap before
{Heap before GC invocations=2 (full 0):
 garbage-first heap   total 262144K, used 33296K [0x00000000e0000000, 0x0000000100000000)
  region size 1024K, 26 young (26624K), 1 survivors (1024K)
 Metaspace       used 4077K, capacity 6587K, committed 6784K, reserved 262144K
  class space    used 509K, capacity 770K, committed 896K, reserved 253952K
}
Event: 1.255 GC heap after
{Heap after GC invocations=3 (full 0):
 garbage-first heap   total 262144K, used 13162K [0x00000000e0000000, 0x0000000100000000)
  region size 1024K, 4 young (4096K), 4 survivors (4096K)
 Metaspace       used 4077K, capacity 6587K, committed 6784K, reserved 262144K
  class space    used 509K, capacity 770K, committed 896K, reserved 253952K
}
Event: 2.700 GC heap before
{Heap before GC invocations=3 (full 0):
 garbage-first heap   total 262144K, used 51050K [0x00000000e0000000, 0x0000000100000000)
  region size 1024K, 41 young (41984K), 4 survivors (4096K)
 Metaspace       used 10144K, capacity 10528K, committed 10624K, reserved 264192K
  class space    used 1459K, capacity 1591K, committed 1664K, reserved 253952K
}
Event: 2.709 GC heap after
{Heap after GC invocations=4 (full 0):
 garbage-first heap   total 262144K, used 15637K [0x00000000e0000000, 0x0000000100000000)
  region size 1024K, 3 young (3072K), 3 survivors (3072K)
 Metaspace       used 10144K, capacity 10528K, committed 10624K, reserved 264192K
  class space    used 1459K, capacity 1591K, committed 1664K, reserved 253952K
}
Event: 3.829 GC heap before
{Heap before GC invocations=4 (full 0):
 garbage-first heap   total 262144K, used 68885K [0x00000000e0000000, 0x0000000100000000)
  region size 1024K, 55 young (56320K), 3 survivors (3072K)
 Metaspace       used 17300K, capacity 17880K, committed 18176K, reserved 270336K
  class space    used 2530K, capacity 2730K, committed 2816K, reserved 253952K
}
Event: 3.838 GC heap after
{Heap after GC invocations=5 (full 0):
 garbage-first heap   total 262144K, used 17723K [0x00000000e0000000, 0x0000000100000000)
  region size 1024K, 5 young (5120K), 5 survivors (5120K)
 Metaspace       used 17300K, capacity 17880K, committed 18176K, reserved 270336K
  class space    used 2530K, capacity 2730K, committed 2816K, reserved 253952K
}
Event: 6.171 GC heap before
{Heap before GC invocations=5 (full 0):
 garbage-first heap   total 262144K, used 49467K [0x00000000e0000000, 0x0000000100000000)
  region size 1024K, 37 young (37888K), 5 survivors (5120K)
 Metaspace       used 20584K, capacity 21146K, committed 21248K, reserved 272384K
  class space    used 3049K, capacity 3287K, committed 3328K, reserved 253952K
}
Event: 6.181 GC heap after
{Heap after GC invocations=6 (full 0):
 garbage-first heap   total 262144K, used 18984K [0x00000000e0000000, 0x0000000100000000)
  region size 1024K, 6 young (6144K), 6 survivors (6144K)
 Metaspace       used 20584K, capacity 21146K, committed 21248K, reserved 272384K
  class space    used 3049K, capacity 3287K, committed 3328K, reserved 253952K
}
Event: 14.096 GC heap before
{Heap before GC invocations=7 (full 0):
 garbage-first heap   total 262144K, used 92712K [0x00000000e0000000, 0x0000000100000000)
  region size 1024K, 76 young (77824K), 6 survivors (6144K)
 Metaspace       used 32599K, capacity 33379K, committed 33536K, reserved 284672K
  class space    used 4231K, capacity 4547K, committed 4608K, reserved 253952K
}
Event: 14.115 GC heap after
{Heap after GC invocations=8 (full 0):
 garbage-first heap   total 262144K, used 24519K [0x00000000e0000000, 0x0000000100000000)
  region size 1024K, 9 young (9216K), 9 survivors (9216K)
 Metaspace       used 32599K, capacity 33379K, committed 33536K, reserved 284672K
  class space    used 4231K, capacity 4547K, committed 4608K, reserved 253952K
}

